<?xml version="1.0" encoding="UTF-8"?>
<!-- Generated by org.testng.reporters.JUnitReportReporter -->
<testsuite skipped="0" hostname="DESKTOP-15D6S6Q" name="com.crmpro.testCase.HelpPageTest" tests="1" failures="0" timestamp="08 Mar 2019 00:22:40 GMT" time="24.270" errors="0">
  <testcase name="getLink" time="24.270" classname="com.crmpro.testCase.HelpPageTest"/>
</testsuite> <!-- com.crmpro.testCase.HelpPageTest -->
