<?xml version="1.0" encoding="UTF-8"?>
<!-- Generated by org.testng.reporters.JUnitReportReporter -->
<testsuite skipped="0" hostname="DESKTOP-15D6S6Q" name="com.crmpro.testCase.HomePageTest" tests="4" failures="0" timestamp="08 Mar 2019 00:22:40 GMT" time="92.957" errors="0">
  <testcase name="printAllLink" time="27.130" classname="com.crmpro.testCase.HomePageTest"/>
  <testcase name="varifyContactLink" time="22.363" classname="com.crmpro.testCase.HomePageTest"/>
  <testcase name="varifyTable" time="23.436" classname="com.crmpro.testCase.HomePageTest"/>
  <testcase name="varifyLogout" time="20.028" classname="com.crmpro.testCase.HomePageTest"/>
</testsuite> <!-- com.crmpro.testCase.HomePageTest -->
