<?xml version="1.0" encoding="UTF-8"?>
<!-- Generated by org.testng.reporters.JUnitReportReporter -->
<testsuite skipped="0" hostname="DESKTOP-15D6S6Q" name="com.crmpro.testCase.LogInPageTest" tests="1" failures="0" timestamp="22 Feb 2019 10:38:47 GMT" time="22.169" errors="0">
  <testcase name="LogInTest" time="22.169" classname="com.crmpro.testCase.LogInPageTest"/>
</testsuite> <!-- com.crmpro.testCase.LogInPageTest -->
