<?xml version="1.0" encoding="UTF-8"?>
<!-- Generated by org.testng.reporters.JUnitReportReporter -->
<testsuite skipped="0" hostname="DESKTOP-15D6S6Q" name="com.crmpro.testCase.LogInPageTest" tests="1" failures="0" timestamp="07 Mar 2019 05:09:57 GMT" time="17.283" errors="0">
  <testcase name="LogInTest" time="17.283" classname="com.crmpro.testCase.LogInPageTest"/>
</testsuite> <!-- com.crmpro.testCase.LogInPageTest -->
