<?xml version="1.0" encoding="UTF-8"?>
<!-- Generated by org.testng.reporters.JUnitReportReporter -->
<testsuite skipped="0" hostname="DESKTOP-15D6S6Q" name="com.crmpro.testCase.HomePageTest" tests="4" failures="0" timestamp="07 Mar 2019 05:09:57 GMT" time="103.067" errors="0">
  <testcase name="varifyContactLink" time="21.279" classname="com.crmpro.testCase.HomePageTest"/>
  <testcase name="varifyLogout" time="19.936" classname="com.crmpro.testCase.HomePageTest"/>
  <testcase name="printAllLink" time="40.056" classname="com.crmpro.testCase.HomePageTest"/>
  <testcase name="varifyTable" time="21.796" classname="com.crmpro.testCase.HomePageTest"/>
</testsuite> <!-- com.crmpro.testCase.HomePageTest -->
