<?xml version="1.0" encoding="UTF-8"?>
<!-- Generated by org.testng.reporters.JUnitReportReporter -->
<testsuite hostname="DESKTOP-15D6S6Q" name="com.crmpro.testCase.LogInPageTest" tests="1" failures="0" timestamp="8 Mar 2019 02:44:43 GMT" time="6.868" errors="0">
  <testcase name="LogInTest" time="6.868" classname="com.crmpro.testCase.LogInPageTest"/>
</testsuite>
