<?xml version="1.0" encoding="UTF-8"?>
<!-- Generated by org.testng.reporters.JUnitReportReporter -->
<testsuite hostname="DESKTOP-15D6S6Q" name="com.crmpro.testCase.HomePageTest" tests="4" failures="0" timestamp="8 Mar 2019 02:44:43 GMT" time="20.212" errors="0">
  <testcase name="varifyLogout" time="3.393" classname="com.crmpro.testCase.HomePageTest"/>
  <testcase name="printAllLink" time="11.665" classname="com.crmpro.testCase.HomePageTest"/>
  <testcase name="varifyContactLink" time="2.416" classname="com.crmpro.testCase.HomePageTest"/>
  <testcase name="varifyTable" time="2.738" classname="com.crmpro.testCase.HomePageTest"/>
</testsuite>
