<?xml version="1.0" encoding="UTF-8"?>
<!-- Generated by org.testng.reporters.JUnitReportReporter -->
<testsuite hostname="DESKTOP-15D6S6Q" name="com.crmpro.testCase.HelpPageTest" tests="1" failures="0" timestamp="27 Feb 2019 08:42:16 GMT" time="4.240" errors="0">
  <testcase name="getLink" time="4.240" classname="com.crmpro.testCase.HelpPageTest"/>
</testsuite>
