<?xml version="1.0" encoding="UTF-8"?>
<!-- Generated by org.testng.reporters.JUnitReportReporter -->
<testsuite hostname="DESKTOP-15D6S6Q" name="com.crmpro.testCase.HomePageTest" tests="4" failures="0" timestamp="9 Mar 2019 07:01:03 GMT" time="20.276" errors="0">
  <testcase name="varifyLogout" time="3.448" classname="com.crmpro.testCase.HomePageTest"/>
  <testcase name="printAllLink" time="11.867" classname="com.crmpro.testCase.HomePageTest"/>
  <testcase name="varifyContactLink" time="2.323" classname="com.crmpro.testCase.HomePageTest"/>
  <testcase name="varifyTable" time="2.638" classname="com.crmpro.testCase.HomePageTest"/>
</testsuite>
