<?xml version="1.0" encoding="UTF-8"?>
<!-- Generated by org.testng.reporters.JUnitReportReporter -->
<testsuite hostname="DESKTOP-15D6S6Q" name="com.crmpro.testCase.HelpPageTest" tests="1" failures="0" timestamp="7 Mar 2019 06:13:14 GMT" time="2.179" errors="0">
  <testcase name="getLink" time="2.179" classname="com.crmpro.testCase.HelpPageTest"/>
</testsuite>
