<?xml version="1.0" encoding="UTF-8"?>
<!-- Generated by org.testng.reporters.JUnitReportReporter -->
<testsuite hostname="DESKTOP-15D6S6Q" name="com.crmpro.testCase.HomePageTest" tests="4" failures="0" timestamp="27 Feb 2019 08:52:11 GMT" time="18.561" errors="0">
  <testcase name="varifyTable" time="2.770" classname="com.crmpro.testCase.HomePageTest"/>
  <testcase name="varifyLogout" time="3.509" classname="com.crmpro.testCase.HomePageTest"/>
  <testcase name="varifyContactLink" time="2.010" classname="com.crmpro.testCase.HomePageTest"/>
  <testcase name="printAllLink" time="10.272" classname="com.crmpro.testCase.HomePageTest"/>
</testsuite>
