<?xml version="1.0" encoding="UTF-8"?>
<!-- Generated by org.testng.reporters.JUnitReportReporter -->
<testsuite hostname="DESKTOP-15D6S6Q" name="com.crmpro.testCase.HelpPageTest" tests="1" failures="0" timestamp="9 Mar 2019 07:01:03 GMT" time="2.622" errors="0">
  <testcase name="getLink" time="2.622" classname="com.crmpro.testCase.HelpPageTest"/>
</testsuite>
