<?xml version="1.0" encoding="UTF-8"?>
<!-- Generated by org.testng.reporters.JUnitReportReporter -->
<testsuite hostname="DESKTOP-15D6S6Q" name="com.crmpro.testCase.HelpPageTest" tests="1" failures="0" timestamp="10 Mar 2019 01:48:34 GMT" time="10.088" errors="0">
  <testcase name="getLink" time="10.088" classname="com.crmpro.testCase.HelpPageTest"/>
</testsuite>
