<?xml version="1.0" encoding="UTF-8"?>
<!-- Generated by org.testng.reporters.JUnitReportReporter -->
<testsuite hostname="DESKTOP-15D6S6Q" name="com.crmpro.testCase.HomePageTest" tests="4" failures="0" timestamp="27 Feb 2019 08:42:16 GMT" time="19.210" errors="0">
  <testcase name="varifyTable" time="2.716" classname="com.crmpro.testCase.HomePageTest"/>
  <testcase name="varifyLogout" time="3.244" classname="com.crmpro.testCase.HomePageTest"/>
  <testcase name="varifyContactLink" time="2.400" classname="com.crmpro.testCase.HomePageTest"/>
  <testcase name="printAllLink" time="10.850" classname="com.crmpro.testCase.HomePageTest"/>
</testsuite>
