<?xml version="1.0" encoding="UTF-8"?>
<!-- Generated by org.testng.reporters.JUnitReportReporter -->
<testsuite hostname="DESKTOP-15D6S6Q" name="com.crmpro.testCase.HomePageTest" tests="4" failures="0" timestamp="10 Mar 2019 01:48:34 GMT" time="23.498" errors="0">
  <testcase name="varifyContactLink" time="3.833" classname="com.crmpro.testCase.HomePageTest"/>
  <testcase name="varifyLogout" time="4.674" classname="com.crmpro.testCase.HomePageTest"/>
  <testcase name="varifyTable" time="2.791" classname="com.crmpro.testCase.HomePageTest"/>
  <testcase name="printAllLink" time="12.200" classname="com.crmpro.testCase.HomePageTest"/>
</testsuite>
