<?xml version="1.0" encoding="UTF-8"?>
<!-- Generated by org.testng.reporters.JUnitReportReporter -->
<testsuite hostname="DESKTOP-15D6S6Q" name="com.crmpro.testCase.LogInPageTest" tests="1" failures="0" timestamp="9 Mar 2019 06:49:54 GMT" time="9.601" errors="0">
  <testcase name="LogInTest" time="9.601" classname="com.crmpro.testCase.LogInPageTest"/>
</testsuite>
